<?xml version="1.0" encoding="UTF-8"?>
<!-- Generated by org.testng.reporters.JUnitReportReporter -->
<testsuite skipped="0" hostname="Mano" name="org.test.TestAutomation" tests="5" failures="0" timestamp="08 Mar 2023 09:45:56 GMT" time="45.392" errors="0">
  <testcase name="testSignUp" time="5.938" classname="org.test.TestAutomation"/>
  <testcase name="testLogin" time="8.108" classname="org.test.TestAutomation"/>
  <testcase name="testHomeMenuOptions" time="20.182" classname="org.test.TestAutomation"/>
  <testcase name="testLanguage" time="4.440" classname="org.test.TestAutomation"/>
  <testcase name="testChannelListEachLanguage" time="6.724" classname="org.test.TestAutomation"/>
</testsuite> <!-- org.test.TestAutomation -->
